RandomBot
sarsaBot
SklanskySys2
monteCarloBot
monteCarloBot
RandomBot
sarsaBot
SklanskySys2
monteCarloBot
sarsaBot
RandomBot
monteCarloBot
RandomBot
sarsaBot
SklanskySys2
RandomBot
monteCarloBot
monteCarloBot
RandomBot
sarsaBot
monteCarloBot
monteCarloBot
monteCarloBot
monteCarloBot
monteCarloBot
monteCarloBot
RandomBot
sarsaBot
RandomBot
RandomBot
monteCarloBot
monteCarloBot
sarsaBot
RandomBot
monteCarloBot
monteCarloBot
SklanskySys2
sarsaBot
monteCarloBot
RandomBot
sarsaBot
monteCarloBot
monteCarloBot
RandomBot
monteCarloBot
monteCarloBot
RandomBot
RandomBot
RandomBot
sarsaBot
monteCarloBot
monteCarloBot
monteCarloBot
sarsaBot
sarsaBot
RandomBot
RandomBot
RandomBot
monteCarloBot
SklanskySys2
sarsaBot
monteCarloBot
monteCarloBot
monteCarloBot
sarsaBot
monteCarloBot
RandomBot
monteCarloBot
sarsaBot
RandomBot
monteCarloBot
monteCarloBot
monteCarloBot
SklanskySys2
monteCarloBot
monteCarloBot
monteCarloBot
monteCarloBot
SklanskySys2
monteCarloBot
monteCarloBot
monteCarloBot
monteCarloBot
monteCarloBot
SklanskySys2
monteCarloBot
RandomBot
monteCarloBot
RandomBot
monteCarloBot
RandomBot
monteCarloBot
monteCarloBot
monteCarloBot
monteCarloBot
monteCarloBot
monteCarloBot
monteCarloBot
monteCarloBot


=== Total Wins Across All Runs ===
RandomBot: 23 wins
sarsaBot: 15 wins
SklanskySys2: 8 wins
monteCarloBot: 53 wins
